<?xml version="1.0" encoding="UTF-8"?>
<testng-results ignored="0" total="1" passed="1" failed="0" skipped="0">
  <reporter-output>
  </reporter-output>
  <suite started-at="2024-11-11T16:25:28 IST" name="Default suite" finished-at="2024-11-11T16:26:31 IST" duration-ms="62388">
    <groups>
    </groups>
    <test started-at="2024-11-11T16:25:28 IST" name="Default test" finished-at="2024-11-11T16:26:31 IST" duration-ms="62388">
      <class name="tests._09_CheckOutAndPayment">
        <test-method is-config="true" signature="before()[pri:0, instance:tests._09_CheckOutAndPayment@10683d9d]" started-at="2024-11-11T16:25:29 IST" name="before" finished-at="2024-11-11T16:25:33 IST" duration-ms="4465" status="PASS">
          <reporter-output>
          </reporter-output>
        </test-method> <!-- before -->
        <test-method signature="checkOut()[pri:10, instance:tests._09_CheckOutAndPayment@10683d9d]" started-at="2024-11-11T16:25:33 IST" name="checkOut" finished-at="2024-11-11T16:26:30 IST" duration-ms="56809" status="PASS">
          <reporter-output>
          </reporter-output>
        </test-method> <!-- checkOut -->
        <test-method is-config="true" signature="afterC()[pri:0, instance:tests._09_CheckOutAndPayment@10683d9d]" started-at="2024-11-11T16:26:30 IST" name="afterC" finished-at="2024-11-11T16:26:31 IST" duration-ms="1057" status="PASS">
          <reporter-output>
          </reporter-output>
        </test-method> <!-- afterC -->
      </class> <!-- tests._09_CheckOutAndPayment -->
    </test> <!-- Default test -->
  </suite> <!-- Default suite -->
</testng-results>
